nohup: ignoring input
[  3%] Built target zlibstatic
[  5%] Built target angle_common
[  6%] Built target angle_preprocessor
[  6%] Building C object extlib/pixman/pixman/CMakeFiles/pixman.dir/pixman-combine32.c.obj
[  6%] Built target resources
[  7%] Building C object extlib/pixman/pixman/CMakeFiles/pixman.dir/pixman-combine-float.c.obj
[  9%] Built target genfiles
[  9%] Building CXX object extlib/libdxfrw/CMakeFiles/dxfrw.dir/drw_header.cpp.obj
[ 10%] Building C object extlib/pixman/pixman/CMakeFiles/pixman.dir/pixman-edge.c.obj
[ 10%] Building C object extlib/pixman/pixman/CMakeFiles/pixman.dir/pixman-edge-accessors.c.obj
[ 12%] Built target mimalloc-static
[ 12%] Building CXX object extlib/angle/CMakeFiles/angle_translator_lib.dir/src/compiler/translator/CallDAG.cpp.obj
[ 12%] Building C object extlib/freetype/CMakeFiles/freetype.dir/src/pshinter/pshinter.c.obj
[ 12%] Building CXX object extlib/angle/CMakeFiles/angle_translator_lib.dir/src/compiler/translator/CodeGen.cpp.obj
[ 13%] Building C object extlib/freetype/CMakeFiles/freetype.dir/src/psnames/psnames.c.obj
[ 13%] Building CXX object extlib/libdxfrw/CMakeFiles/dxfrw.dir/drw_entities.cpp.obj
[ 13%] Building C object extlib/freetype/CMakeFiles/freetype.dir/src/raster/raster.c.obj
[ 15%] Building CXX object extlib/angle/CMakeFiles/angle_translator_lib.dir/src/compiler/translator/Compiler.cpp.obj
[ 15%] Building CXX object extlib/libdxfrw/CMakeFiles/dxfrw.dir/drw_entities.cpp.obj
[ 15%] Building C object extlib/freetype/CMakeFiles/freetype.dir/src/psnames/psnames.c.obj
[ 15%] Building CXX object extlib/libdxfrw/CMakeFiles/dxfrw.dir/drw_objects.cpp.obj
[ 15%] Building C object extlib/freetype/CMakeFiles/freetype.dir/src/sfnt/sfnt.c.obj
[ 15%] Building C object extlib/libpng/CMakeFiles/png_static.dir/pngrtran.c.obj
[ 15%] Building C object extlib/freetype/CMakeFiles/freetype.dir/src/raster/raster.c.obj
[ 15%] Building C object extlib/pixman/pixman/CMakeFiles/pixman.dir/pixman-edge-accessors.c.obj
[ 15%] Building CXX object extlib/angle/CMakeFiles/angle_translator_lib.dir/src/compiler/translator/CodeGen.cpp.obj
[ 15%] Building C object extlib/freetype/CMakeFiles/freetype.dir/src/sfnt/sfnt.c.obj
[ 15%] Building C object extlib/libpng/CMakeFiles/png_static.dir/pngrutil.c.obj
[ 15%] Building CXX object extlib/libdxfrw/CMakeFiles/dxfrw.dir/drw_objects.cpp.obj
[ 15%] Building C object extlib/freetype/CMakeFiles/freetype.dir/src/smooth/smooth.c.obj
[ 15%] Building C object extlib/pixman/pixman/CMakeFiles/pixman.dir/pixman-fast-path.c.obj
[ 15%] Building C object extlib/freetype/CMakeFiles/freetype.dir/src/truetype/truetype.c.obj
[ 15%] Building CXX object extlib/libdxfrw/CMakeFiles/dxfrw.dir/libdxfrw.cpp.obj
[ 15%] Building CXX object extlib/angle/CMakeFiles/angle_translator_lib.dir/src/compiler/translator/Compiler.cpp.obj
[ 15%] Building C object extlib/freetype/CMakeFiles/freetype.dir/src/type1/type1.c.obj
[ 15%] Building C object extlib/freetype/CMakeFiles/freetype.dir/src/smooth/smooth.c.obj
[ 15%] Building CXX object extlib/angle/CMakeFiles/angle_translator_lib.dir/src/compiler/translator/Diagnostics.cpp.obj
[ 15%] Building C object extlib/freetype/CMakeFiles/freetype.dir/src/truetype/truetype.c.obj
[ 15%] Building C object extlib/libpng/CMakeFiles/png_static.dir/pngset.c.obj
[ 15%] Building C object extlib/pixman/pixman/CMakeFiles/pixman.dir/pixman-glyph.c.obj
[ 15%] Building CXX object extlib/angle/CMakeFiles/angle_translator_lib.dir/src/compiler/translator/Diagnostics.cpp.obj
[ 15%] Building CXX object extlib/angle/CMakeFiles/angle_translator_lib.dir/src/compiler/translator/DirectiveHandler.cpp.obj
[ 15%] Building CXX object extlib/libdxfrw/CMakeFiles/dxfrw.dir/libdxfrw.cpp.obj
[ 15%] Building C object extlib/libpng/CMakeFiles/png_static.dir/pngset.c.obj
[ 15%] Building CXX object extlib/angle/CMakeFiles/angle_translator_lib.dir/src/compiler/translator/EmulatePrecision.cpp.obj
[ 15%] Building C object extlib/freetype/CMakeFiles/freetype.dir/src/type1/type1.c.obj
[ 15%] Building C object extlib/libpng/CMakeFiles/png_static.dir/pngtrans.c.obj
[ 15%] Building CXX object extlib/libdxfrw/CMakeFiles/dxfrw.dir/libdwgr.cpp.obj
[ 15%] Building C object extlib/freetype/CMakeFiles/freetype.dir/src/type42/type42.c.obj
[ 15%] Building C object extlib/pixman/pixman/CMakeFiles/pixman.dir/pixman-general.c.obj
[ 15%] Building C object extlib/freetype/CMakeFiles/freetype.dir/src/type42/type42.c.obj
[ 16%] Building C object extlib/freetype/CMakeFiles/freetype.dir/src/winfonts/winfnt.c.obj
[ 16%] Building C object extlib/libpng/CMakeFiles/png_static.dir/pngwio.c.obj
[ 16%] Building CXX object extlib/libdxfrw/CMakeFiles/dxfrw.dir/libdwgr.cpp.obj
[ 16%] Building C object extlib/pixman/pixman/CMakeFiles/pixman.dir/pixman-fast-path.c.obj
[ 16%] Building C object extlib/libpng/CMakeFiles/png_static.dir/pngtrans.c.obj
[ 16%] Building C object extlib/freetype/CMakeFiles/freetype.dir/builds/windows/ftdebug.c.obj
[ 16%] Building CXX object extlib/angle/CMakeFiles/angle_translator_lib.dir/src/compiler/translator/FlagStd140Structs.cpp.obj
[ 16%] Linking C static library ../../bin/libfreetype.a
[ 16%] Building C object extlib/pixman/pixman/CMakeFiles/pixman.dir/pixman-gradient-walker.c.obj
[ 16%] Building C object extlib/freetype/CMakeFiles/freetype.dir/src/winfonts/winfnt.c.obj
[ 20%] Built target freetype
[ 20%] Building CXX object extlib/angle/CMakeFiles/angle_translator_lib.dir/src/compiler/translator/DirectiveHandler.cpp.obj
[ 20%] Building CXX object extlib/angle/CMakeFiles/angle_translator_lib.dir/src/compiler/translator/EmulatePrecision.cpp.obj
[ 20%] Linking C static library ../../bin/libfreetype.a
[ 20%] Built target freetype
[ 20%] Building CXX object extlib/angle/CMakeFiles/angle_translator_lib.dir/src/compiler/translator/ForLoopUnroll.cpp.obj
[ 20%] Building C object extlib/pixman/pixman/CMakeFiles/pixman.dir/pixman-general.c.obj
[ 20%] Building C object extlib/libpng/CMakeFiles/png_static.dir/pngwrite.c.obj
[ 20%] Building C object extlib/pixman/pixman/CMakeFiles/pixman.dir/pixman-image.c.obj
[ 20%] Building C object extlib/libpng/CMakeFiles/png_static.dir/pngwio.c.obj
[ 21%] Building C object extlib/pixman/pixman/CMakeFiles/pixman.dir/pixman-implementation.c.obj
[ 21%] Building C object extlib/pixman/pixman/CMakeFiles/pixman.dir/pixman-linear-gradient.c.obj
[ 21%] Building C object extlib/pixman/pixman/CMakeFiles/pixman.dir/pixman-gradient-walker.c.obj
[ 21%] Building CXX object extlib/angle/CMakeFiles/angle_translator_lib.dir/src/compiler/translator/FlagStd140Structs.cpp.obj
[ 21%] Building CXX object extlib/angle/CMakeFiles/angle_translator_lib.dir/src/compiler/translator/ForLoopUnroll.cpp.obj
[ 22%] Building C object extlib/libpng/CMakeFiles/png_static.dir/pngwtran.c.obj
[ 22%] Building CXX object extlib/angle/CMakeFiles/angle_translator_lib.dir/src/compiler/translator/InfoSink.cpp.obj
[ 22%] Building CXX object extlib/angle/CMakeFiles/angle_translator_lib.dir/src/compiler/translator/InfoSink.cpp.obj
[ 22%] Building C object extlib/pixman/pixman/CMakeFiles/pixman.dir/pixman-image.c.obj
[ 22%] Building C object extlib/libpng/CMakeFiles/png_static.dir/pngwutil.c.obj
[ 22%] Building CXX object extlib/angle/CMakeFiles/angle_translator_lib.dir/src/compiler/translator/Initialize.cpp.obj
[ 22%] Building C object extlib/libpng/CMakeFiles/png_static.dir/pngwrite.c.obj
[ 22%] Linking CXX static library ../../bin/libdxfrw.a
[ 25%] Built target dxfrw
[ 25%] Building C object extlib/pixman/pixman/CMakeFiles/pixman.dir/pixman-matrix.c.obj
[ 25%] Building C object extlib/libpng/CMakeFiles/png_static.dir/pngwtran.c.obj
[ 25%] Building CXX object extlib/angle/CMakeFiles/angle_translator_lib.dir/src/compiler/translator/Initialize.cpp.obj
[ 25%] Building C object extlib/pixman/pixman/CMakeFiles/pixman.dir/pixman-noop.c.obj
[ 26%] Building CXX object extlib/angle/CMakeFiles/angle_translator_lib.dir/src/compiler/translator/InitializeDll.cpp.obj
[ 26%] Building C object extlib/pixman/pixman/CMakeFiles/pixman.dir/pixman-matrix.c.obj
[ 26%] Building CXX object extlib/angle/CMakeFiles/angle_translator_lib.dir/src/compiler/translator/InitializeDll.cpp.obj
[ 26%] Building C object extlib/pixman/pixman/CMakeFiles/pixman.dir/pixman-noop.c.obj
[ 26%] Building C object extlib/libpng/CMakeFiles/png_static.dir/pngwutil.c.obj
[ 26%] Building CXX object extlib/angle/CMakeFiles/angle_translator_lib.dir/src/compiler/translator/InitializeParseContext.cpp.obj
[ 26%] Building C object extlib/pixman/pixman/CMakeFiles/pixman.dir/pixman-radial-gradient.c.obj
[ 26%] Building C object extlib/pixman/pixman/CMakeFiles/pixman.dir/pixman-radial-gradient.c.obj
[ 26%] Building C object extlib/pixman/pixman/CMakeFiles/pixman.dir/pixman-region16.c.obj
[ 26%] Building CXX object extlib/angle/CMakeFiles/angle_translator_lib.dir/src/compiler/translator/InitializeVariables.cpp.obj
[ 26%] Building C object extlib/pixman/pixman/CMakeFiles/pixman.dir/pixman-region16.c.obj
[ 26%] Building CXX object extlib/angle/CMakeFiles/angle_translator_lib.dir/src/compiler/translator/InitializeParseContext.cpp.obj
[ 26%] Linking C static library ../../bin/libpng16.a
[ 29%] Built target png_static
[ 29%] Building C object extlib/pixman/pixman/CMakeFiles/pixman.dir/pixman-region32.c.obj
[ 29%] Building CXX object extlib/angle/CMakeFiles/angle_translator_lib.dir/src/compiler/translator/IntermNode.cpp.obj
[ 29%] Building CXX object extlib/angle/CMakeFiles/angle_translator_lib.dir/src/compiler/translator/IntermTraverse.cpp.obj
[ 30%] Building C object extlib/pixman/pixman/CMakeFiles/pixman.dir/pixman-solid-fill.c.obj
[ 30%] Building CXX object extlib/angle/CMakeFiles/angle_translator_lib.dir/src/compiler/translator/Intermediate.cpp.obj
[ 30%] Building CXX object extlib/angle/CMakeFiles/angle_translator_lib.dir/src/compiler/translator/InitializeVariables.cpp.obj
[ 30%] Linking CXX static library ../../bin/libdxfrw.a
[ 30%] Building CXX object extlib/angle/CMakeFiles/angle_translator_lib.dir/src/compiler/translator/IntermNode.cpp.obj
[ 30%] Built target dxfrw
[ 30%] Building C object extlib/pixman/pixman/CMakeFiles/pixman.dir/pixman-timer.c.obj
[ 30%] Building CXX object extlib/angle/CMakeFiles/angle_translator_lib.dir/src/compiler/translator/IntermTraverse.cpp.obj
[ 30%] Building CXX object extlib/angle/CMakeFiles/angle_translator_lib.dir/src/compiler/translator/Intermediate.cpp.obj
[ 30%] Building CXX object extlib/angle/CMakeFiles/angle_translator_lib.dir/src/compiler/translator/LoopInfo.cpp.obj
[ 31%] Building CXX object extlib/angle/CMakeFiles/angle_translator_lib.dir/src/compiler/translator/Operator.cpp.obj
[ 31%] Linking C static library ../../bin/libpng16.a
[ 31%] Building C object extlib/pixman/pixman/CMakeFiles/pixman.dir/pixman-region32.c.obj
[ 31%] Built target png_static
[ 31%] Building C object extlib/pixman/pixman/CMakeFiles/pixman.dir/pixman-timer.c.obj
[ 31%] Building C object extlib/pixman/pixman/CMakeFiles/pixman.dir/pixman-trap.c.obj
[ 31%] Building C object extlib/pixman/pixman/CMakeFiles/pixman.dir/pixman-utils.c.obj
[ 31%] Building CXX object extlib/angle/CMakeFiles/angle_translator_lib.dir/src/compiler/translator/LoopInfo.cpp.obj
[ 31%] Building C object extlib/pixman/pixman/CMakeFiles/pixman.dir/pixman-trap.c.obj
[ 31%] Building C object extlib/pixman/pixman/CMakeFiles/pixman.dir/pixman-utils.c.obj
[ 31%] Building CXX object extlib/angle/CMakeFiles/angle_translator_lib.dir/src/compiler/translator/ParseContext.cpp.obj
[ 31%] Building CXX object extlib/angle/CMakeFiles/angle_translator_lib.dir/src/compiler/translator/PoolAlloc.cpp.obj
[ 31%] Building CXX object extlib/angle/CMakeFiles/angle_translator_lib.dir/src/compiler/translator/ParseContext.cpp.obj
[ 31%] Building CXX object extlib/angle/CMakeFiles/angle_translator_lib.dir/src/compiler/translator/PoolAlloc.cpp.obj
[ 31%] Building CXX object extlib/angle/CMakeFiles/angle_translator_lib.dir/src/compiler/translator/PruneEmptyDeclarations.cpp.obj
[ 31%] Building CXX object extlib/angle/CMakeFiles/angle_translator_lib.dir/src/compiler/translator/PruneEmptyDeclarations.cpp.obj
[ 31%] Building CXX object extlib/angle/CMakeFiles/angle_translator_lib.dir/src/compiler/translator/RecordConstantPrecision.cpp.obj
[ 31%] Linking C static library ../../../bin/libpixman-1.a
[ 31%] Building CXX object extlib/angle/CMakeFiles/angle_translator_lib.dir/src/compiler/translator/RecordConstantPrecision.cpp.obj
[ 31%] Building CXX object extlib/angle/CMakeFiles/angle_translator_lib.dir/src/compiler/translator/RegenerateStructNames.cpp.obj
[ 31%] Building CXX object extlib/angle/CMakeFiles/angle_translator_lib.dir/src/compiler/translator/RemovePow.cpp.obj
[ 31%] Built target pixman
[ 32%] Building C object extlib/cairo/src/CMakeFiles/cairo.dir/cairo-analysis-surface.c.obj
[ 32%] Building CXX object extlib/angle/CMakeFiles/angle_translator_lib.dir/src/compiler/translator/RegenerateStructNames.cpp.obj
[ 32%] Linking C static library ../../../bin/libpixman-1.a
[ 32%] Built target pixman
[ 32%] Building C object extlib/cairo/src/CMakeFiles/cairo.dir/cairo-analysis-surface.c.obj
[ 32%] Building CXX object extlib/angle/CMakeFiles/angle_translator_lib.dir/src/compiler/translator/RemovePow.cpp.obj
[ 33%] Building CXX object extlib/angle/CMakeFiles/angle_translator_lib.dir/src/compiler/translator/RewriteDoWhile.cpp.obj
[ 33%] Building C object extlib/cairo/src/CMakeFiles/cairo.dir/cairo-arc.c.obj
[ 33%] Building C object extlib/cairo/src/CMakeFiles/cairo.dir/cairo-array.c.obj
[ 33%] Building C object extlib/cairo/src/CMakeFiles/cairo.dir/cairo-atomic.c.obj
[ 33%] Building CXX object extlib/angle/CMakeFiles/angle_translator_lib.dir/src/compiler/translator/RewriteDoWhile.cpp.obj
[ 33%] Building CXX object extlib/angle/CMakeFiles/angle_translator_lib.dir/src/compiler/translator/ScalarizeVecAndMatConstructorArgs.cpp.obj
[ 33%] Building C object extlib/cairo/src/CMakeFiles/cairo.dir/cairo-arc.c.obj
[ 33%] Building CXX object extlib/angle/CMakeFiles/angle_translator_lib.dir/src/compiler/translator/SearchSymbol.cpp.obj
[ 33%] Building CXX object extlib/angle/CMakeFiles/angle_translator_lib.dir/src/compiler/translator/ScalarizeVecAndMatConstructorArgs.cpp.obj
[ 33%] Building CXX object extlib/angle/CMakeFiles/angle_translator_lib.dir/src/compiler/translator/SearchSymbol.cpp.obj
[ 33%] Building C object extlib/cairo/src/CMakeFiles/cairo.dir/cairo-base64-stream.c.obj
[ 33%] Building C object extlib/cairo/src/CMakeFiles/cairo.dir/cairo-base85-stream.c.obj
[ 33%] Building CXX object extlib/angle/CMakeFiles/angle_translator_lib.dir/src/compiler/translator/SymbolTable.cpp.obj
[ 33%] Building CXX object extlib/angle/CMakeFiles/angle_translator_lib.dir/src/compiler/translator/Types.cpp.obj
[ 33%] Building C object extlib/cairo/src/CMakeFiles/cairo.dir/cairo-array.c.obj
[ 33%] Building C object extlib/cairo/src/CMakeFiles/cairo.dir/cairo-bentley-ottmann.c.obj
[ 33%] Building CXX object extlib/angle/CMakeFiles/angle_translator_lib.dir/src/compiler/translator/UnfoldShortCircuitAST.cpp.obj
[ 34%] Building C object extlib/cairo/src/CMakeFiles/cairo.dir/cairo-bentley-ottmann-rectangular.c.obj
[ 34%] Building CXX object extlib/angle/CMakeFiles/angle_translator_lib.dir/src/compiler/translator/SymbolTable.cpp.obj
[ 34%] Building C object extlib/cairo/src/CMakeFiles/cairo.dir/cairo-bentley-ottmann-rectilinear.c.obj
[ 34%] Building C object extlib/cairo/src/CMakeFiles/cairo.dir/cairo-base64-stream.c.obj
[ 34%] Building C object extlib/cairo/src/CMakeFiles/cairo.dir/cairo-bentley-ottmann.c.obj
[ 34%] Building CXX object extlib/angle/CMakeFiles/angle_translator_lib.dir/src/compiler/translator/Types.cpp.obj
[ 34%] Building C object extlib/cairo/src/CMakeFiles/cairo.dir/cairo-bentley-ottmann-rectangular.c.obj
[ 34%] Building C object extlib/cairo/src/CMakeFiles/cairo.dir/cairo-botor-scan-converter.c.obj
[ 34%] Building CXX object extlib/angle/CMakeFiles/angle_translator_lib.dir/src/compiler/translator/UnfoldShortCircuitAST.cpp.obj
[ 34%] Building CXX object extlib/angle/CMakeFiles/angle_translator_lib.dir/src/compiler/translator/ValidateGlobalInitializer.cpp.obj
[ 34%] Building CXX object extlib/angle/CMakeFiles/angle_translator_lib.dir/src/compiler/translator/ValidateGlobalInitializer.cpp.obj
[ 35%] Building CXX object extlib/angle/CMakeFiles/angle_translator_lib.dir/src/compiler/translator/ValidateLimitations.cpp.obj
[ 35%] Building CXX object extlib/angle/CMakeFiles/angle_translator_lib.dir/src/compiler/translator/ValidateLimitations.cpp.obj
[ 35%] Building C object extlib/cairo/src/CMakeFiles/cairo.dir/cairo-boxes.c.obj
[ 35%] Building CXX object extlib/angle/CMakeFiles/angle_translator_lib.dir/src/compiler/translator/ValidateMaxParameters.cpp.obj
[ 35%] Building C object extlib/cairo/src/CMakeFiles/cairo.dir/cairo-bentley-ottmann-rectilinear.c.obj
[ 35%] Building C object extlib/cairo/src/CMakeFiles/cairo.dir/cairo-botor-scan-converter.c.obj
[ 35%] Building C object extlib/cairo/src/CMakeFiles/cairo.dir/cairo-boxes.c.obj
[ 35%] Building C object extlib/cairo/src/CMakeFiles/cairo.dir/cairo-boxes-intersect.c.obj
[ 35%] Building C object extlib/cairo/src/CMakeFiles/cairo.dir/cairo.c.obj
[ 35%] Building CXX object extlib/angle/CMakeFiles/angle_translator_lib.dir/src/compiler/translator/ValidateMaxParameters.cpp.obj
[ 35%] Building C object extlib/cairo/src/CMakeFiles/cairo.dir/cairo-boxes-intersect.c.obj
[ 35%] Building C object extlib/cairo/src/CMakeFiles/cairo.dir/cairo-cache.c.obj
[ 36%] Building C object extlib/cairo/src/CMakeFiles/cairo.dir/cairo-clip.c.obj
[ 36%] Building CXX object extlib/angle/CMakeFiles/angle_translator_lib.dir/src/compiler/translator/ValidateOutputs.cpp.obj
[ 36%] Building CXX object extlib/angle/CMakeFiles/angle_translator_lib.dir/src/compiler/translator/ValidateSwitch.cpp.obj
[ 36%] Building CXX object extlib/angle/CMakeFiles/angle_translator_lib.dir/src/compiler/translator/VariableInfo.cpp.obj
[ 36%] Building CXX object extlib/angle/CMakeFiles/angle_translator_lib.dir/src/compiler/translator/ValidateOutputs.cpp.obj
[ 36%] Building CXX object extlib/angle/CMakeFiles/angle_translator_lib.dir/src/compiler/translator/VariablePacker.cpp.obj
[ 36%] Building C object extlib/cairo/src/CMakeFiles/cairo.dir/cairo.c.obj
[ 36%] Building C object extlib/cairo/src/CMakeFiles/cairo.dir/cairo-clip.c.obj
[ 36%] Building CXX object extlib/angle/CMakeFiles/angle_translator_lib.dir/src/compiler/translator/ValidateSwitch.cpp.obj
[ 36%] Building CXX object extlib/angle/CMakeFiles/angle_translator_lib.dir/src/compiler/translator/blocklayout.cpp.obj
[ 36%] Building C object extlib/cairo/src/CMakeFiles/cairo.dir/cairo-clip-boxes.c.obj
[ 36%] Building CXX object extlib/angle/CMakeFiles/angle_translator_lib.dir/src/compiler/translator/VariableInfo.cpp.obj
[ 37%] Building CXX object extlib/angle/CMakeFiles/angle_translator_lib.dir/src/compiler/translator/depgraph/DependencyGraph.cpp.obj
[ 37%] Building C object extlib/cairo/src/CMakeFiles/cairo.dir/cairo-clip-polygon.c.obj
[ 37%] Building C object extlib/cairo/src/CMakeFiles/cairo.dir/cairo-clip-region.c.obj
[ 37%] Building C object extlib/cairo/src/CMakeFiles/cairo.dir/cairo-clip-surface.c.obj
[ 37%] Building C object extlib/cairo/src/CMakeFiles/cairo.dir/cairo-clip-boxes.c.obj
[ 37%] Building C object extlib/cairo/src/CMakeFiles/cairo.dir/cairo-color.c.obj
[ 37%] Building CXX object extlib/angle/CMakeFiles/angle_translator_lib.dir/src/compiler/translator/VariablePacker.cpp.obj
[ 37%] Building C object extlib/cairo/src/CMakeFiles/cairo.dir/cairo-composite-rectangles.c.obj
[ 37%] Building CXX object extlib/angle/CMakeFiles/angle_translator_lib.dir/src/compiler/translator/blocklayout.cpp.obj
[ 38%] Building C object extlib/cairo/src/CMakeFiles/cairo.dir/cairo-compositor.c.obj
[ 38%] Building C object extlib/cairo/src/CMakeFiles/cairo.dir/cairo-clip-polygon.c.obj
[ 38%] Building CXX object extlib/angle/CMakeFiles/angle_translator_lib.dir/src/compiler/translator/depgraph/DependencyGraphBuilder.cpp.obj
[ 38%] Building CXX object extlib/angle/CMakeFiles/angle_translator_lib.dir/src/compiler/translator/depgraph/DependencyGraphOutput.cpp.obj
[ 38%] Building C object extlib/cairo/src/CMakeFiles/cairo.dir/cairo-color.c.obj
[ 38%] Building C object extlib/cairo/src/CMakeFiles/cairo.dir/cairo-composite-rectangles.c.obj
[ 38%] Building C object extlib/cairo/src/CMakeFiles/cairo.dir/cairo-contour.c.obj
[ 38%] Building CXX object extlib/angle/CMakeFiles/angle_translator_lib.dir/src/compiler/translator/depgraph/DependencyGraphTraverse.cpp.obj
[ 38%] Building C object extlib/cairo/src/CMakeFiles/cairo.dir/cairo-damage.c.obj
[ 38%] Building C object extlib/cairo/src/CMakeFiles/cairo.dir/cairo-debug.c.obj
[ 38%] Building C object extlib/cairo/src/CMakeFiles/cairo.dir/cairo-compositor.c.obj
[ 38%] Building CXX object extlib/angle/CMakeFiles/angle_translator_lib.dir/src/compiler/translator/depgraph/DependencyGraph.cpp.obj
[ 38%] Building C object extlib/cairo/src/CMakeFiles/cairo.dir/cairo-default-context.c.obj
[ 38%] Building CXX object extlib/angle/CMakeFiles/angle_translator_lib.dir/src/compiler/translator/glslang_lex.cpp.obj
[ 38%] Building C object extlib/cairo/src/CMakeFiles/cairo.dir/cairo-contour.c.obj
[ 38%] Building C object extlib/cairo/src/CMakeFiles/cairo.dir/cairo-device.c.obj
[ 38%] Building C object extlib/cairo/src/CMakeFiles/cairo.dir/cairo-damage.c.obj
[ 38%] Building C object extlib/cairo/src/CMakeFiles/cairo.dir/cairo-error.c.obj
[ 38%] Building CXX object extlib/angle/CMakeFiles/angle_translator_lib.dir/src/compiler/translator/depgraph/DependencyGraphBuilder.cpp.obj
[ 38%] Building CXX object extlib/angle/CMakeFiles/angle_translator_lib.dir/src/compiler/translator/glslang_tab.cpp.obj
[ 39%] Building C object extlib/cairo/src/CMakeFiles/cairo.dir/cairo-fallback-compositor.c.obj
[ 39%] Building C object extlib/cairo/src/CMakeFiles/cairo.dir/cairo-fixed.c.obj
[ 39%] Building C object extlib/cairo/src/CMakeFiles/cairo.dir/cairo-debug.c.obj
[ 39%] Building C object extlib/cairo/src/CMakeFiles/cairo.dir/cairo-default-context.c.obj
[ 39%] Building CXX object extlib/angle/CMakeFiles/angle_translator_lib.dir/src/compiler/translator/depgraph/DependencyGraphOutput.cpp.obj
[ 39%] Building CXX object extlib/angle/CMakeFiles/angle_translator_lib.dir/src/compiler/translator/intermOut.cpp.obj
[ 39%] Building CXX object extlib/angle/CMakeFiles/angle_translator_lib.dir/src/compiler/translator/depgraph/DependencyGraphTraverse.cpp.obj
[ 39%] Building CXX object extlib/angle/CMakeFiles/angle_translator_lib.dir/src/compiler/translator/glslang_lex.cpp.obj
[ 39%] Building C object extlib/cairo/src/CMakeFiles/cairo.dir/cairo-font-face.c.obj
[ 39%] Building C object extlib/cairo/src/CMakeFiles/cairo.dir/cairo-device.c.obj
[ 40%] Building CXX object extlib/angle/CMakeFiles/angle_translator_lib.dir/src/compiler/translator/timing/RestrictFragmentShaderTiming.cpp.obj
[ 40%] Building C object extlib/cairo/src/CMakeFiles/cairo.dir/cairo-fixed.c.obj
[ 40%] Building CXX object extlib/angle/CMakeFiles/angle_translator_lib.dir/src/compiler/translator/glslang_tab.cpp.obj
[ 40%] Building C object extlib/cairo/src/CMakeFiles/cairo.dir/cairo-font-face-twin.c.obj
[ 40%] Building C object extlib/cairo/src/CMakeFiles/cairo.dir/cairo-font-face.c.obj
[ 40%] Building CXX object extlib/angle/CMakeFiles/angle_translator_lib.dir/src/compiler/translator/timing/RestrictVertexShaderTiming.cpp.obj
[ 40%] Building C object extlib/cairo/src/CMakeFiles/cairo.dir/cairo-font-face-twin-data.c.obj
[ 40%] Building CXX object extlib/angle/CMakeFiles/angle_translator_lib.dir/src/compiler/translator/util.cpp.obj
[ 40%] Building CXX object extlib/angle/CMakeFiles/angle_translator_lib.dir/src/compiler/translator/intermOut.cpp.obj
[ 40%] Building C object extlib/cairo/src/CMakeFiles/cairo.dir/cairo-font-face-twin.c.obj
[ 40%] Building CXX object extlib/angle/CMakeFiles/angle_translator_lib.dir/src/third_party/compiler/ArrayBoundsClamper.cpp.obj
[ 40%] Building C object extlib/cairo/src/CMakeFiles/cairo.dir/cairo-font-options.c.obj
[ 40%] Building CXX object extlib/angle/CMakeFiles/angle_translator_lib.dir/src/compiler/translator/timing/RestrictFragmentShaderTiming.cpp.obj
[ 40%] Building C object extlib/cairo/src/CMakeFiles/cairo.dir/cairo-font-face-twin-data.c.obj
[ 40%] Building CXX object extlib/angle/CMakeFiles/angle_translator_lib.dir/src/compiler/translator/timing/RestrictVertexShaderTiming.cpp.obj
[ 40%] Building CXX object extlib/angle/CMakeFiles/angle_translator_lib.dir/src/compiler/translator/OutputESSL.cpp.obj
[ 40%] Building C object extlib/cairo/src/CMakeFiles/cairo.dir/cairo-freelist.c.obj
[ 40%] Building CXX object extlib/angle/CMakeFiles/angle_translator_lib.dir/src/compiler/translator/util.cpp.obj
[ 40%] Building C object extlib/cairo/src/CMakeFiles/cairo.dir/cairo-font-options.c.obj
[ 40%] Building CXX object extlib/angle/CMakeFiles/angle_translator_lib.dir/src/compiler/translator/TranslatorESSL.cpp.obj
[ 41%] Building C object extlib/cairo/src/CMakeFiles/cairo.dir/cairo-freed-pool.c.obj
[ 41%] Building CXX object extlib/angle/CMakeFiles/angle_translator_lib.dir/src/compiler/translator/BuiltInFunctionEmulatorGLSL.cpp.obj
[ 43%] Building CXX object extlib/angle/CMakeFiles/angle_translator_lib.dir/src/compiler/translator/ExtensionGLSL.cpp.obj
[ 43%] Building CXX object extlib/angle/CMakeFiles/angle_translator_lib.dir/src/third_party/compiler/ArrayBoundsClamper.cpp.obj
[ 43%] Building C object extlib/cairo/src/CMakeFiles/cairo.dir/cairo-freelist.c.obj
[ 43%] Building C object extlib/cairo/src/CMakeFiles/cairo.dir/cairo-freed-pool.c.obj
[ 43%] Building C object extlib/cairo/src/CMakeFiles/cairo.dir/cairo-gstate.c.obj
[ 43%] Building C object extlib/cairo/src/CMakeFiles/cairo.dir/cairo-hash.c.obj
[ 43%] Building C object extlib/cairo/src/CMakeFiles/cairo.dir/cairo-gstate.c.obj
[ 43%] Building CXX object extlib/angle/CMakeFiles/angle_translator_lib.dir/src/compiler/translator/OutputGLSL.cpp.obj
[ 43%] Building CXX object extlib/angle/CMakeFiles/angle_translator_lib.dir/src/compiler/translator/OutputESSL.cpp.obj
[ 43%] Building CXX object extlib/angle/CMakeFiles/angle_translator_lib.dir/src/compiler/translator/OutputGLSLBase.cpp.obj
[ 43%] Building C object extlib/cairo/src/CMakeFiles/cairo.dir/cairo-hash.c.obj
[ 43%] Building C object extlib/cairo/src/CMakeFiles/cairo.dir/cairo-hull.c.obj
[ 43%] Building C object extlib/cairo/src/CMakeFiles/cairo.dir/cairo-hull.c.obj
[ 43%] Building CXX object extlib/angle/CMakeFiles/angle_translator_lib.dir/src/compiler/translator/TranslatorESSL.cpp.obj
[ 43%] Building C object extlib/cairo/src/CMakeFiles/cairo.dir/cairo-image-compositor.c.obj
[ 43%] Building CXX object extlib/angle/CMakeFiles/angle_translator_lib.dir/src/compiler/translator/BuiltInFunctionEmulatorGLSL.cpp.obj
[ 43%] Building CXX object extlib/angle/CMakeFiles/angle_translator_lib.dir/src/compiler/translator/TranslatorGLSL.cpp.obj
[ 43%] Building C object extlib/cairo/src/CMakeFiles/cairo.dir/cairo-image-info.c.obj
[ 43%] Building CXX object extlib/angle/CMakeFiles/angle_translator_lib.dir/src/compiler/translator/VersionGLSL.cpp.obj
[ 43%] Building CXX object extlib/angle/CMakeFiles/angle_translator_lib.dir/src/compiler/translator/ArrayReturnValueToOutParameter.cpp.obj
[ 43%] Building C object extlib/cairo/src/CMakeFiles/cairo.dir/cairo-image-source.c.obj
[ 43%] Building C object extlib/cairo/src/CMakeFiles/cairo.dir/cairo-image-compositor.c.obj
[ 43%] Building C object extlib/cairo/src/CMakeFiles/cairo.dir/cairo-image-info.c.obj
[ 43%] Building CXX object extlib/angle/CMakeFiles/angle_translator_lib.dir/src/compiler/translator/ExtensionGLSL.cpp.obj
[ 43%] Building CXX object extlib/angle/CMakeFiles/angle_translator_lib.dir/src/compiler/translator/OutputGLSL.cpp.obj
[ 44%] Building C object extlib/cairo/src/CMakeFiles/cairo.dir/cairo-image-surface.c.obj
[ 44%] Building C object extlib/cairo/src/CMakeFiles/cairo.dir/cairo-image-source.c.obj
[ 44%] Building CXX object extlib/angle/CMakeFiles/angle_translator_lib.dir/src/compiler/translator/OutputGLSLBase.cpp.obj
[ 44%] Building CXX object extlib/angle/CMakeFiles/angle_translator_lib.dir/src/compiler/translator/ASTMetadataHLSL.cpp.obj
[ 44%] Building CXX object extlib/angle/CMakeFiles/angle_translator_lib.dir/src/compiler/translator/TranslatorGLSL.cpp.obj
[ 44%] Building C object extlib/cairo/src/CMakeFiles/cairo.dir/cairo-image-surface.c.obj
[ 44%] Building CXX object extlib/angle/CMakeFiles/angle_translator_lib.dir/src/compiler/translator/VersionGLSL.cpp.obj
[ 44%] Building CXX object extlib/angle/CMakeFiles/angle_translator_lib.dir/src/compiler/translator/ArrayReturnValueToOutParameter.cpp.obj
[ 45%] Building CXX object extlib/angle/CMakeFiles/angle_translator_lib.dir/src/compiler/translator/blocklayoutHLSL.cpp.obj
[ 45%] Building CXX object extlib/angle/CMakeFiles/angle_translator_lib.dir/src/compiler/translator/BuiltInFunctionEmulatorHLSL.cpp.obj
[ 45%] Building C object extlib/cairo/src/CMakeFiles/cairo.dir/cairo-line.c.obj
[ 45%] Building C object extlib/cairo/src/CMakeFiles/cairo.dir/cairo-line.c.obj
[ 45%] Building CXX object extlib/angle/CMakeFiles/angle_translator_lib.dir/src/compiler/translator/ASTMetadataHLSL.cpp.obj
[ 45%] Building C object extlib/cairo/src/CMakeFiles/cairo.dir/cairo-lzw.c.obj
[ 45%] Building C object extlib/cairo/src/CMakeFiles/cairo.dir/cairo-lzw.c.obj
[ 45%] Building CXX object extlib/angle/CMakeFiles/angle_translator_lib.dir/src/compiler/translator/OutputHLSL.cpp.obj
[ 45%] Building C object extlib/cairo/src/CMakeFiles/cairo.dir/cairo-matrix.c.obj
[ 45%] Building CXX object extlib/angle/CMakeFiles/angle_translator_lib.dir/src/compiler/translator/RemoveDynamicIndexing.cpp.obj
[ 45%] Building CXX object extlib/angle/CMakeFiles/angle_translator_lib.dir/src/compiler/translator/RemoveSwitchFallThrough.cpp.obj
[ 45%] Building C object extlib/cairo/src/CMakeFiles/cairo.dir/cairo-matrix.c.obj
[ 45%] Building C object extlib/cairo/src/CMakeFiles/cairo.dir/cairo-mask-compositor.c.obj
[ 45%] Building CXX object extlib/angle/CMakeFiles/angle_translator_lib.dir/src/compiler/translator/RewriteElseBlocks.cpp.obj
[ 45%] Building C object extlib/cairo/src/CMakeFiles/cairo.dir/cairo-mask-compositor.c.obj
[ 45%] Building C object extlib/cairo/src/CMakeFiles/cairo.dir/cairo-mesh-pattern-rasterizer.c.obj
[ 45%] Building C object extlib/cairo/src/CMakeFiles/cairo.dir/cairo-mesh-pattern-rasterizer.c.obj
[ 45%] Building C object extlib/cairo/src/CMakeFiles/cairo.dir/cairo-mempool.c.obj
[ 45%] Building CXX object extlib/angle/CMakeFiles/angle_translator_lib.dir/src/compiler/translator/blocklayoutHLSL.cpp.obj
[ 45%] Building CXX object extlib/angle/CMakeFiles/angle_translator_lib.dir/src/compiler/translator/SeparateArrayInitialization.cpp.obj
[ 45%] Building CXX object extlib/angle/CMakeFiles/angle_translator_lib.dir/src/compiler/translator/BuiltInFunctionEmulatorHLSL.cpp.obj
[ 45%] Building CXX object extlib/angle/CMakeFiles/angle_translator_lib.dir/src/compiler/translator/OutputHLSL.cpp.obj
[ 45%] Building C object extlib/cairo/src/CMakeFiles/cairo.dir/cairo-mempool.c.obj
[ 45%] Building CXX object extlib/angle/CMakeFiles/angle_translator_lib.dir/src/compiler/translator/RemoveDynamicIndexing.cpp.obj
[ 45%] Building CXX object extlib/angle/CMakeFiles/angle_translator_lib.dir/src/compiler/translator/RemoveSwitchFallThrough.cpp.obj
[ 46%] Building C object extlib/cairo/src/CMakeFiles/cairo.dir/cairo-misc.c.obj
[ 46%] Building C object extlib/cairo/src/CMakeFiles/cairo.dir/cairo-misc.c.obj
[ 47%] Building CXX object extlib/angle/CMakeFiles/angle_translator_lib.dir/src/compiler/translator/SeparateDeclarations.cpp.obj
[ 47%] Building CXX object extlib/angle/CMakeFiles/angle_translator_lib.dir/src/compiler/translator/RewriteElseBlocks.cpp.obj
[ 47%] Building C object extlib/cairo/src/CMakeFiles/cairo.dir/cairo-mono-scan-converter.c.obj
[ 47%] Building C object extlib/cairo/src/CMakeFiles/cairo.dir/cairo-mono-scan-converter.c.obj
[ 47%] Building CXX object extlib/angle/CMakeFiles/angle_translator_lib.dir/src/compiler/translator/SeparateExpressionsReturningArrays.cpp.obj
[ 47%] Building CXX object extlib/angle/CMakeFiles/angle_translator_lib.dir/src/compiler/translator/SeparateArrayInitialization.cpp.obj
[ 47%] Building C object extlib/cairo/src/CMakeFiles/cairo.dir/cairo-mutex.c.obj
[ 47%] Building CXX object extlib/angle/CMakeFiles/angle_translator_lib.dir/src/compiler/translator/StructureHLSL.cpp.obj
[ 47%] Building CXX object extlib/angle/CMakeFiles/angle_translator_lib.dir/src/compiler/translator/SeparateDeclarations.cpp.obj
[ 47%] Building CXX object extlib/angle/CMakeFiles/angle_translator_lib.dir/src/compiler/translator/SeparateExpressionsReturningArrays.cpp.obj
[ 47%] Building C object extlib/cairo/src/CMakeFiles/cairo.dir/cairo-no-compositor.c.obj
[ 47%] Building CXX object extlib/angle/CMakeFiles/angle_translator_lib.dir/src/compiler/translator/TranslatorHLSL.cpp.obj
[ 47%] Building C object extlib/cairo/src/CMakeFiles/cairo.dir/cairo-observer.c.obj
[ 47%] Building C object extlib/cairo/src/CMakeFiles/cairo.dir/cairo-mutex.c.obj
[ 47%] Building CXX object extlib/angle/CMakeFiles/angle_translator_lib.dir/src/compiler/translator/UnfoldShortCircuitToIf.cpp.obj
[ 47%] Building C object extlib/cairo/src/CMakeFiles/cairo.dir/cairo-output-stream.c.obj
[ 47%] Building C object extlib/cairo/src/CMakeFiles/cairo.dir/cairo-no-compositor.c.obj
[ 47%] Building CXX object extlib/angle/CMakeFiles/angle_translator_lib.dir/src/compiler/translator/UniformHLSL.cpp.obj
[ 47%] Building CXX object extlib/angle/CMakeFiles/angle_translator_lib.dir/src/compiler/translator/StructureHLSL.cpp.obj
[ 47%] Building CXX object extlib/angle/CMakeFiles/angle_translator_lib.dir/src/compiler/translator/UtilsHLSL.cpp.obj
[ 47%] Building CXX object extlib/angle/CMakeFiles/angle_translator_lib.dir/src/compiler/translator/TranslatorHLSL.cpp.obj
[ 47%] Building C object extlib/cairo/src/CMakeFiles/cairo.dir/cairo-observer.c.obj
[ 47%] Building C object extlib/cairo/src/CMakeFiles/cairo.dir/cairo-output-stream.c.obj
[ 47%] Building C object extlib/cairo/src/CMakeFiles/cairo.dir/cairo-paginated-surface.c.obj
[ 48%] Building C object extlib/cairo/src/CMakeFiles/cairo.dir/cairo-path-bounds.c.obj
[ 48%] Building CXX object extlib/angle/CMakeFiles/angle_translator_lib.dir/src/compiler/translator/UnfoldShortCircuitToIf.cpp.obj
[ 48%] Building C object extlib/cairo/src/CMakeFiles/cairo.dir/cairo-paginated-surface.c.obj
[ 48%] Building C object extlib/cairo/src/CMakeFiles/cairo.dir/cairo-path-bounds.c.obj
[ 48%] Building CXX object extlib/angle/CMakeFiles/angle_translator_lib.dir/src/compiler/translator/UniformHLSL.cpp.obj
[ 48%] Building CXX object extlib/angle/CMakeFiles/angle_translator_lib.dir/src/compiler/translator/UtilsHLSL.cpp.obj
[ 48%] Building C object extlib/cairo/src/CMakeFiles/cairo.dir/cairo-path.c.obj
[ 48%] Building C object extlib/cairo/src/CMakeFiles/cairo.dir/cairo-path-fill.c.obj
[ 48%] Building C object extlib/cairo/src/CMakeFiles/cairo.dir/cairo-path-fixed.c.obj
[ 48%] Building C object extlib/cairo/src/CMakeFiles/cairo.dir/cairo-path.c.obj
[ 48%] Building C object extlib/cairo/src/CMakeFiles/cairo.dir/cairo-path-fill.c.obj
[ 48%] Building C object extlib/cairo/src/CMakeFiles/cairo.dir/cairo-path-in-fill.c.obj
[ 48%] Building C object extlib/cairo/src/CMakeFiles/cairo.dir/cairo-path-stroke.c.obj
[ 48%] Building C object extlib/cairo/src/CMakeFiles/cairo.dir/cairo-path-stroke-boxes.c.obj
[ 48%] Building C object extlib/cairo/src/CMakeFiles/cairo.dir/cairo-path-stroke-polygon.c.obj
[ 49%] Building C object extlib/cairo/src/CMakeFiles/cairo.dir/cairo-path-stroke-traps.c.obj
[ 49%] Building C object extlib/cairo/src/CMakeFiles/cairo.dir/cairo-path-fixed.c.obj
[ 49%] Building C object extlib/cairo/src/CMakeFiles/cairo.dir/cairo-path-stroke-tristrip.c.obj
[ 49%] Building C object extlib/cairo/src/CMakeFiles/cairo.dir/cairo-pattern.c.obj
[ 49%] Building C object extlib/cairo/src/CMakeFiles/cairo.dir/cairo-pen.c.obj
[ 49%] Building C object extlib/cairo/src/CMakeFiles/cairo.dir/cairo-path-in-fill.c.obj
[ 49%] Building C object extlib/cairo/src/CMakeFiles/cairo.dir/cairo-polygon.c.obj
[ 49%] Building C object extlib/cairo/src/CMakeFiles/cairo.dir/cairo-path-stroke.c.obj
[ 49%] Building C object extlib/cairo/src/CMakeFiles/cairo.dir/cairo-polygon-intersect.c.obj
[ 49%] Building C object extlib/cairo/src/CMakeFiles/cairo.dir/cairo-path-stroke-polygon.c.obj
[ 49%] Building C object extlib/cairo/src/CMakeFiles/cairo.dir/cairo-path-stroke-traps.c.obj
[ 49%] Building C object extlib/cairo/src/CMakeFiles/cairo.dir/cairo-polygon-reduce.c.obj
[ 50%] Building C object extlib/cairo/src/CMakeFiles/cairo.dir/cairo-raster-source-pattern.c.obj
[ 50%] Building C object extlib/cairo/src/CMakeFiles/cairo.dir/cairo-path-stroke-tristrip.c.obj
[ 50%] Building C object extlib/cairo/src/CMakeFiles/cairo.dir/cairo-pattern.c.obj
[ 50%] Building C object extlib/cairo/src/CMakeFiles/cairo.dir/cairo-recording-surface.c.obj
[ 50%] Building C object extlib/cairo/src/CMakeFiles/cairo.dir/cairo-rectangle.c.obj
[ 50%] Building C object extlib/cairo/src/CMakeFiles/cairo.dir/cairo-polygon.c.obj
[ 50%] Building C object extlib/cairo/src/CMakeFiles/cairo.dir/cairo-polygon-intersect.c.obj
[ 50%] Building C object extlib/cairo/src/CMakeFiles/cairo.dir/cairo-rectangular-scan-converter.c.obj
[ 50%] Building C object extlib/cairo/src/CMakeFiles/cairo.dir/cairo-polygon-reduce.c.obj
[ 50%] Building C object extlib/cairo/src/CMakeFiles/cairo.dir/cairo-raster-source-pattern.c.obj
[ 50%] Building C object extlib/cairo/src/CMakeFiles/cairo.dir/cairo-region.c.obj
[ 50%] Linking CXX static library ../../bin/libangle_translator_lib.a
[ 50%] Building C object extlib/cairo/src/CMakeFiles/cairo.dir/cairo-rtree.c.obj
[ 50%] Building C object extlib/cairo/src/CMakeFiles/cairo.dir/cairo-scaled-font.c.obj
[ 50%] Built target angle_translator_lib
[ 51%] Building CXX object extlib/angle/CMakeFiles/angle_translator.dir/src/compiler/translator/ShaderLang.cpp.obj
[ 51%] Building C object extlib/cairo/src/CMakeFiles/cairo.dir/cairo-recording-surface.c.obj
[ 52%] Building C object extlib/cairo/src/CMakeFiles/cairo.dir/cairo-shape-mask-compositor.c.obj
[ 52%] Building C object extlib/cairo/src/CMakeFiles/cairo.dir/cairo-rectangle.c.obj
[ 52%] Building C object extlib/cairo/src/CMakeFiles/cairo.dir/cairo-rectangular-scan-converter.c.obj
[ 52%] Building C object extlib/cairo/src/CMakeFiles/cairo.dir/cairo-slope.c.obj
[ 52%] Building C object extlib/cairo/src/CMakeFiles/cairo.dir/cairo-region.c.obj
[ 52%] Building C object extlib/cairo/src/CMakeFiles/cairo.dir/cairo-spans.c.obj
[ 52%] Building C object extlib/cairo/src/CMakeFiles/cairo.dir/cairo-spans-compositor.c.obj
[ 52%] Building C object extlib/cairo/src/CMakeFiles/cairo.dir/cairo-spline.c.obj
[ 52%] Building C object extlib/cairo/src/CMakeFiles/cairo.dir/cairo-rtree.c.obj
[ 52%] Building C object extlib/cairo/src/CMakeFiles/cairo.dir/cairo-scaled-font.c.obj
[ 52%] Building C object extlib/cairo/src/CMakeFiles/cairo.dir/cairo-stroke-dash.c.obj
[ 52%] Linking CXX static library ../../bin/libangle_translator_lib.a
[ 52%] Building C object extlib/cairo/src/CMakeFiles/cairo.dir/cairo-shape-mask-compositor.c.obj
[ 52%] Building CXX object extlib/angle/CMakeFiles/angle_translator.dir/src/compiler/translator/ShaderVars.cpp.obj
[ 52%] Building C object extlib/cairo/src/CMakeFiles/cairo.dir/cairo-stroke-style.c.obj
[ 52%] Built target angle_translator_lib
[ 52%] Building C object extlib/cairo/src/CMakeFiles/cairo.dir/cairo-slope.c.obj
[ 52%] Building CXX object extlib/angle/CMakeFiles/angle_translator.dir/src/compiler/translator/ShaderLang.cpp.obj
[ 52%] Building C object extlib/cairo/src/CMakeFiles/cairo.dir/cairo-spans.c.obj
[ 52%] Building C object extlib/cairo/src/CMakeFiles/cairo.dir/cairo-spans-compositor.c.obj
[ 53%] Building C object extlib/cairo/src/CMakeFiles/cairo.dir/cairo-surface.c.obj
[ 53%] Building C object extlib/cairo/src/CMakeFiles/cairo.dir/cairo-spline.c.obj
[ 53%] Building C object extlib/cairo/src/CMakeFiles/cairo.dir/cairo-surface-clipper.c.obj
[ 53%] Building C object extlib/cairo/src/CMakeFiles/cairo.dir/cairo-surface-fallback.c.obj
[ 53%] Building C object extlib/cairo/src/CMakeFiles/cairo.dir/cairo-stroke-dash.c.obj
[ 53%] Building C object extlib/cairo/src/CMakeFiles/cairo.dir/cairo-surface-observer.c.obj
[ 53%] Building C object extlib/cairo/src/CMakeFiles/cairo.dir/cairo-stroke-style.c.obj
[ 53%] Building CXX object extlib/angle/CMakeFiles/angle_translator.dir/src/compiler/translator/ShaderVars.cpp.obj
[ 53%] Building C object extlib/cairo/src/CMakeFiles/cairo.dir/cairo-surface.c.obj
[ 53%] Building C object extlib/cairo/src/CMakeFiles/cairo.dir/cairo-surface-offset.c.obj
[ 53%] Building C object extlib/cairo/src/CMakeFiles/cairo.dir/cairo-surface-snapshot.c.obj
[ 53%] Building C object extlib/cairo/src/CMakeFiles/cairo.dir/cairo-surface-subsurface.c.obj
[ 53%] Building C object extlib/cairo/src/CMakeFiles/cairo.dir/cairo-surface-fallback.c.obj
[ 53%] Building C object extlib/cairo/src/CMakeFiles/cairo.dir/cairo-surface-clipper.c.obj
[ 54%] Building C object extlib/cairo/src/CMakeFiles/cairo.dir/cairo-surface-wrapper.c.obj
[ 54%] Building C object extlib/cairo/src/CMakeFiles/cairo.dir/cairo-surface-observer.c.obj
[ 54%] Building C object extlib/cairo/src/CMakeFiles/cairo.dir/cairo-time.c.obj
[ 54%] Building C object extlib/cairo/src/CMakeFiles/cairo.dir/cairo-surface-offset.c.obj
[ 54%] Building C object extlib/cairo/src/CMakeFiles/cairo.dir/cairo-surface-snapshot.c.obj
[ 54%] Building C object extlib/cairo/src/CMakeFiles/cairo.dir/cairo-tor-scan-converter.c.obj
[ 54%] Building C object extlib/cairo/src/CMakeFiles/cairo.dir/cairo-surface-subsurface.c.obj
[ 54%] Building C object extlib/cairo/src/CMakeFiles/cairo.dir/cairo-tor22-scan-converter.c.obj
[ 54%] Building C object extlib/cairo/src/CMakeFiles/cairo.dir/cairo-surface-wrapper.c.obj
[ 54%] Building C object extlib/cairo/src/CMakeFiles/cairo.dir/cairo-clip-tor-scan-converter.c.obj
[ 54%] Building C object extlib/cairo/src/CMakeFiles/cairo.dir/cairo-time.c.obj
[ 54%] Building C object extlib/cairo/src/CMakeFiles/cairo.dir/cairo-toy-font-face.c.obj
[ 54%] Building C object extlib/cairo/src/CMakeFiles/cairo.dir/cairo-traps.c.obj
[ 54%] Building C object extlib/cairo/src/CMakeFiles/cairo.dir/cairo-tor-scan-converter.c.obj
[ 55%] Building C object extlib/cairo/src/CMakeFiles/cairo.dir/cairo-tristrip.c.obj
[ 55%] Building C object extlib/cairo/src/CMakeFiles/cairo.dir/cairo-traps-compositor.c.obj
[ 55%] Building C object extlib/cairo/src/CMakeFiles/cairo.dir/cairo-tor22-scan-converter.c.obj
[ 55%] Building C object extlib/cairo/src/CMakeFiles/cairo.dir/cairo-clip-tor-scan-converter.c.obj
[ 55%] Building C object extlib/cairo/src/CMakeFiles/cairo.dir/cairo-toy-font-face.c.obj
[ 55%] Building C object extlib/cairo/src/CMakeFiles/cairo.dir/cairo-traps.c.obj
[ 55%] Building C object extlib/cairo/src/CMakeFiles/cairo.dir/cairo-tristrip.c.obj
[ 55%] Building C object extlib/cairo/src/CMakeFiles/cairo.dir/cairo-unicode.c.obj
[ 55%] Linking CXX static library ../../bin/libangle_translator.a
[ 55%] Built target angle_translator
[ 55%] Building C object extlib/cairo/src/CMakeFiles/cairo.dir/cairo-user-font.c.obj
[ 55%] Building C object extlib/cairo/src/CMakeFiles/cairo.dir/cairo-version.c.obj
[ 55%] Building C object extlib/cairo/src/CMakeFiles/cairo.dir/cairo-wideint.c.obj
[ 55%] Building CXX object extlib/angle/CMakeFiles/ANGLE.dir/src/common/event_tracer.cpp.obj
[ 55%] Building CXX object extlib/angle/CMakeFiles/ANGLE.dir/src/libANGLE/AttributeMap.cpp.obj
[ 55%] Building C object extlib/cairo/src/CMakeFiles/cairo.dir/cairo-traps-compositor.c.obj
[ 55%] Linking CXX static library ../../bin/libangle_translator.a
[ 55%] Building C object extlib/cairo/src/CMakeFiles/cairo.dir/cairo-unicode.c.obj
[ 55%] Built target angle_translator
[ 55%] Building CXX object extlib/angle/CMakeFiles/ANGLE.dir/src/common/event_tracer.cpp.obj
[ 55%] Building C object extlib/cairo/src/CMakeFiles/cairo.dir/cairo-user-font.c.obj
[ 55%] Building C object extlib/cairo/src/CMakeFiles/cairo.dir/cairo-version.c.obj
[ 55%] Building CXX object extlib/angle/CMakeFiles/ANGLE.dir/src/libANGLE/Buffer.cpp.obj
[ 55%] Building CXX object extlib/angle/CMakeFiles/ANGLE.dir/src/libANGLE/Caps.cpp.obj
[ 55%] Building CXX object extlib/angle/CMakeFiles/ANGLE.dir/src/libANGLE/Compiler.cpp.obj
[ 55%] Building CXX object extlib/angle/CMakeFiles/ANGLE.dir/src/libANGLE/Config.cpp.obj
[ 55%] Building C object extlib/cairo/src/CMakeFiles/cairo.dir/cairo-wideint.c.obj
[ 55%] Building CXX object extlib/angle/CMakeFiles/ANGLE.dir/src/libANGLE/Context.cpp.obj
[ 55%] Building CXX object extlib/angle/CMakeFiles/ANGLE.dir/src/libANGLE/AttributeMap.cpp.obj
[ 55%] Building CXX object extlib/angle/CMakeFiles/ANGLE.dir/src/libANGLE/Buffer.cpp.obj
[ 55%] Linking C static library ../../../bin/libcairo.a
[ 55%] Building CXX object extlib/angle/CMakeFiles/ANGLE.dir/src/libANGLE/Caps.cpp.obj
[ 55%] Built target cairo
[ 56%] Building CXX object extlib/angle/CMakeFiles/ANGLE.dir/src/libANGLE/Data.cpp.obj
[ 56%] Building CXX object extlib/angle/CMakeFiles/ANGLE.dir/src/libANGLE/Compiler.cpp.obj
[ 56%] Building CXX object extlib/angle/CMakeFiles/ANGLE.dir/src/libANGLE/Config.cpp.obj
[ 56%] Building CXX object extlib/angle/CMakeFiles/ANGLE.dir/src/libANGLE/Context.cpp.obj
[ 56%] Building CXX object extlib/angle/CMakeFiles/ANGLE.dir/src/libANGLE/Debug.cpp.obj
[ 56%] Linking C static library ../../../bin/libcairo.a
[ 56%] Built target cairo
[ 56%] Building CXX object extlib/angle/CMakeFiles/ANGLE.dir/src/libANGLE/Data.cpp.obj
[ 56%] Building CXX object extlib/angle/CMakeFiles/ANGLE.dir/src/libANGLE/Debug.cpp.obj
[ 56%] Building CXX object extlib/angle/CMakeFiles/ANGLE.dir/src/libANGLE/Device.cpp.obj
[ 56%] Building CXX object extlib/angle/CMakeFiles/ANGLE.dir/src/libANGLE/Device.cpp.obj
[ 56%] Building CXX object extlib/angle/CMakeFiles/ANGLE.dir/src/libANGLE/Display.cpp.obj
[ 56%] Building CXX object extlib/angle/CMakeFiles/ANGLE.dir/src/libANGLE/Error.cpp.obj
[ 56%] Building CXX object extlib/angle/CMakeFiles/ANGLE.dir/src/libANGLE/Fence.cpp.obj
[ 56%] Building CXX object extlib/angle/CMakeFiles/ANGLE.dir/src/libANGLE/Display.cpp.obj
[ 56%] Building CXX object extlib/angle/CMakeFiles/ANGLE.dir/src/libANGLE/Framebuffer.cpp.obj
[ 56%] Building CXX object extlib/angle/CMakeFiles/ANGLE.dir/src/libANGLE/Error.cpp.obj
[ 56%] Building CXX object src/CMakeFiles/slvs.dir/util.cpp.obj
[ 58%] Building CXX object extlib/angle/CMakeFiles/ANGLE.dir/src/libANGLE/FramebufferAttachment.cpp.obj
[ 58%] Building CXX object src/CMakeFiles/slvs.dir/entity.cpp.obj
[ 58%] Building CXX object src/CMakeFiles/solvespace-core.dir/bsp.cpp.obj
[ 58%] Building CXX object src/CMakeFiles/slvs.dir/util.cpp.obj
[ 58%] Building CXX object extlib/angle/CMakeFiles/ANGLE.dir/src/libANGLE/Fence.cpp.obj
[ 58%] Building CXX object extlib/angle/CMakeFiles/ANGLE.dir/src/libANGLE/HandleAllocator.cpp.obj
[ 58%] Building CXX object src/CMakeFiles/solvespace-core.dir/bsp.cpp.obj
[ 58%] Building CXX object src/CMakeFiles/slvs.dir/expr.cpp.obj
[ 58%] Building CXX object src/CMakeFiles/slvs.dir/constraint.cpp.obj
[ 59%] Building CXX object src/CMakeFiles/slvs.dir/constrainteq.cpp.obj
[ 59%] Building CXX object extlib/angle/CMakeFiles/ANGLE.dir/src/libANGLE/Image.cpp.obj
[ 59%] Building CXX object src/CMakeFiles/solvespace-core.dir/clipboard.cpp.obj
[ 59%] Building CXX object src/CMakeFiles/slvs.dir/entity.cpp.obj
[ 59%] Building CXX object src/CMakeFiles/solvespace-core.dir/clipboard.cpp.obj
[ 59%] Building CXX object src/CMakeFiles/slvs.dir/system.cpp.obj
[ 59%] Building CXX object extlib/angle/CMakeFiles/ANGLE.dir/src/libANGLE/ImageIndex.cpp.obj
[ 59%] Building CXX object extlib/angle/CMakeFiles/ANGLE.dir/src/libANGLE/IndexRangeCache.cpp.obj
[ 59%] Building CXX object src/CMakeFiles/solvespace-core.dir/confscreen.cpp.obj
[ 59%] Building CXX object extlib/angle/CMakeFiles/ANGLE.dir/src/libANGLE/Framebuffer.cpp.obj
/dome/cccc/big_software/ToolTime/extlib/angle/src/libANGLE/HandleAllocator.cpp: In constructor ‘gl::HandleAllocator::HandleAllocator()’:
/dome/cccc/big_software/ToolTime/extlib/angle/src/libANGLE/HandleAllocator.cpp:29:52: error: ‘numeric_limits’ is not a member of ‘std’
   29 |     mUnallocatedList.push_back(HandleRange(1, std::numeric_limits<GLuint>::max()));
      |                                                    ^~~~~~~~~~~~~~
/dome/cccc/big_software/ToolTime/extlib/angle/src/libANGLE/HandleAllocator.cpp:29:76: error: ‘::max’ has not been declared; did you mean ‘std::max’?
   29 |     mUnallocatedList.push_back(HandleRange(1, std::numeric_limits<GLuint>::max()));
      |                                                                            ^~~
      |                                                                            std::max
In file included from /usr/lib/gcc/x86_64-w64-mingw32/13-win32/include/c++/algorithm:61,
                 from /dome/cccc/big_software/ToolTime/extlib/angle/src/libANGLE/HandleAllocator.cpp:12:
/usr/lib/gcc/x86_64-w64-mingw32/13-win32/include/c++/bits/stl_algo.h:5805:5: note: ‘std::max’ declared here
 5805 |     max(initializer_list<_Tp> __l, _Compare __comp)
      |     ^~~
/dome/cccc/big_software/ToolTime/extlib/angle/src/libANGLE/HandleAllocator.cpp:29:43: error: expected primary-expression before ‘(’ token
   29 |     mUnallocatedList.push_back(HandleRange(1, std::numeric_limits<GLuint>::max()));
      |                                           ^
/dome/cccc/big_software/ToolTime/extlib/angle/src/libANGLE/HandleAllocator.cpp:29:52: error: ‘numeric_limits’ is not a member of ‘std’
   29 |     mUnallocatedList.push_back(HandleRange(1, std::numeric_limits<GLuint>::max()));
      |                                                    ^~~~~~~~~~~~~~
/dome/cccc/big_software/ToolTime/extlib/angle/src/libANGLE/HandleAllocator.cpp:29:73: error: expected primary-expression before ‘>’ token
   29 |     mUnallocatedList.push_back(HandleRange(1, std::numeric_limits<GLuint>::max()));
      |                                                                         ^
/dome/cccc/big_software/ToolTime/extlib/angle/src/libANGLE/HandleAllocator.cpp:29:76: error: ‘::max’ has not been declared; did you mean ‘std::max’?
   29 |     mUnallocatedList.push_back(HandleRange(1, std::numeric_limits<GLuint>::max()));
      |                                                                            ^~~
      |                                                                            std::max
/usr/lib/gcc/x86_64-w64-mingw32/13-win32/include/c++/bits/stl_algo.h:5805:5: note: ‘std::max’ declared here
 5805 |     max(initializer_list<_Tp> __l, _Compare __comp)
      |     ^~~
make[2]: *** [extlib/angle/CMakeFiles/ANGLE.dir/build.make:302: extlib/angle/CMakeFiles/ANGLE.dir/src/libANGLE/HandleAllocator.cpp.obj] Error 1
make[2]: *** Waiting for unfinished jobs....
[ 60%] Building CXX object src/CMakeFiles/solvespace-core.dir/constraint.cpp.obj
[ 60%] Building CXX object src/CMakeFiles/slvs.dir/platform/platform.cpp.obj
[ 60%] Building CXX object src/CMakeFiles/slvs.dir/expr.cpp.obj
[ 60%] Building CXX object extlib/angle/CMakeFiles/ANGLE.dir/src/libANGLE/HandleAllocator.cpp.obj
[ 60%] Building CXX object src/CMakeFiles/solvespace-core.dir/confscreen.cpp.obj
[ 60%] Building CXX object src/CMakeFiles/slvs.dir/lib.cpp.obj
[ 60%] Building CXX object extlib/angle/CMakeFiles/ANGLE.dir/src/libANGLE/Image.cpp.obj
[ 60%] Building CXX object src/CMakeFiles/solvespace-core.dir/constraint.cpp.obj
[ 60%] Building CXX object src/CMakeFiles/solvespace-core.dir/constrainteq.cpp.obj
[ 60%] Building CXX object src/CMakeFiles/solvespace-core.dir/describescreen.cpp.obj
[ 60%] Building CXX object src/CMakeFiles/slvs.dir/constraint.cpp.obj
[ 60%] Building CXX object src/CMakeFiles/solvespace-core.dir/draw.cpp.obj
[ 60%] Building CXX object src/CMakeFiles/solvespace-core.dir/constrainteq.cpp.obj
/dome/cccc/big_software/ToolTime/extlib/angle/src/libANGLE/HandleAllocator.cpp: In constructor ‘gl::HandleAllocator::HandleAllocator()’:
/dome/cccc/big_software/ToolTime/extlib/angle/src/libANGLE/HandleAllocator.cpp:29:52: error: ‘numeric_limits’ is not a member of ‘std’
   29 |     mUnallocatedList.push_back(HandleRange(1, std::numeric_limits<GLuint>::max()));
      |                                                    ^~~~~~~~~~~~~~
/dome/cccc/big_software/ToolTime/extlib/angle/src/libANGLE/HandleAllocator.cpp:29:76: error: ‘::max’ has not been declared; did you mean ‘std::max’?
   29 |     mUnallocatedList.push_back(HandleRange(1, std::numeric_limits<GLuint>::max()));
      |                                                                            ^~~
      |                                                                            std::max
In file included from /usr/lib/gcc/x86_64-w64-mingw32/13-win32/include/c++/algorithm:61,
                 from /dome/cccc/big_software/ToolTime/extlib/angle/src/libANGLE/HandleAllocator.cpp:12:
/usr/lib/gcc/x86_64-w64-mingw32/13-win32/include/c++/bits/stl_algo.h:5805:5: note: ‘std::max’ declared here
 5805 |     max(initializer_list<_Tp> __l, _Compare __comp)
      |     ^~~
/dome/cccc/big_software/ToolTime/extlib/angle/src/libANGLE/HandleAllocator.cpp:29:43: error: expected primary-expression before ‘(’ token
   29 |     mUnallocatedList.push_back(HandleRange(1, std::numeric_limits<GLuint>::max()));
      |                                           ^
/dome/cccc/big_software/ToolTime/extlib/angle/src/libANGLE/HandleAllocator.cpp:29:52: error: ‘numeric_limits’ is not a member of ‘std’
   29 |     mUnallocatedList.push_back(HandleRange(1, std::numeric_limits<GLuint>::max()));
      |                                                    ^~~~~~~~~~~~~~
/dome/cccc/big_software/ToolTime/extlib/angle/src/libANGLE/HandleAllocator.cpp:29:73: error: expected primary-expression before ‘>’ token
   29 |     mUnallocatedList.push_back(HandleRange(1, std::numeric_limits<GLuint>::max()));
      |                                                                         ^
/dome/cccc/big_software/ToolTime/extlib/angle/src/libANGLE/HandleAllocator.cpp:29:76: error: ‘::max’ has not been declared; did you mean ‘std::max’?
   29 |     mUnallocatedList.push_back(HandleRange(1, std::numeric_limits<GLuint>::max()));
      |                                                                            ^~~
      |                                                                            std::max
/usr/lib/gcc/x86_64-w64-mingw32/13-win32/include/c++/bits/stl_algo.h:5805:5: note: ‘std::max’ declared here
 5805 |     max(initializer_list<_Tp> __l, _Compare __comp)
      |     ^~~
make[2]: *** [extlib/angle/CMakeFiles/ANGLE.dir/build.make:302: extlib/angle/CMakeFiles/ANGLE.dir/src/libANGLE/HandleAllocator.cpp.obj] Error 1
make[2]: *** Waiting for unfinished jobs....
make[1]: *** [CMakeFiles/Makefile2:948: extlib/angle/CMakeFiles/ANGLE.dir/all] Error 2
make[1]: *** Waiting for unfinished jobs....
[ 60%] Building CXX object src/CMakeFiles/solvespace-core.dir/describescreen.cpp.obj
[ 60%] Building CXX object src/CMakeFiles/slvs.dir/system.cpp.obj
[ 60%] Building CXX object src/CMakeFiles/solvespace-core.dir/drawconstraint.cpp.obj
[ 60%] Building CXX object src/CMakeFiles/slvs.dir/platform/platform.cpp.obj
[ 60%] Building CXX object src/CMakeFiles/slvs.dir/lib.cpp.obj
[ 60%] Building CXX object src/CMakeFiles/solvespace-core.dir/draw.cpp.obj
[ 60%] Building CXX object src/CMakeFiles/solvespace-core.dir/drawconstraint.cpp.obj
[ 60%] Building CXX object src/CMakeFiles/solvespace-core.dir/drawentity.cpp.obj
[ 60%] Building CXX object src/CMakeFiles/solvespace-core.dir/drawentity.cpp.obj
[ 60%] Building CXX object src/CMakeFiles/solvespace-core.dir/entity.cpp.obj
make[1]: *** [CMakeFiles/Makefile2:948: extlib/angle/CMakeFiles/ANGLE.dir/all] Error 2
make[1]: *** Waiting for unfinished jobs....
[ 60%] Building CXX object src/CMakeFiles/solvespace-core.dir/entity.cpp.obj
[ 61%] Building CXX object src/CMakeFiles/solvespace-core.dir/export.cpp.obj
[ 61%] Building CXX object src/CMakeFiles/solvespace-core.dir/export.cpp.obj
[ 61%] Linking CXX shared library ../bin/libslvs.dll
[ 61%] Building CXX object src/CMakeFiles/solvespace-core.dir/exportstep.cpp.obj
[ 61%] Built target slvs
[ 61%] Building CXX object src/CMakeFiles/solvespace-core.dir/exportvector.cpp.obj
[ 61%] Building CXX object src/CMakeFiles/solvespace-core.dir/expr.cpp.obj
[ 61%] Building CXX object src/CMakeFiles/solvespace-core.dir/exportstep.cpp.obj
[ 61%] Building CXX object src/CMakeFiles/solvespace-core.dir/exportvector.cpp.obj
[ 61%] Building CXX object src/CMakeFiles/solvespace-core.dir/file.cpp.obj
[ 61%] Building CXX object src/CMakeFiles/solvespace-core.dir/expr.cpp.obj
[ 61%] Building CXX object src/CMakeFiles/solvespace-core.dir/file.cpp.obj
[ 10%] Building CXX object src/CMakeFiles/solvespace-core.dir/generate.cpp.obj
/dome/cccc/big_software/ToolTime/src/exportvector.cpp: In lambda function:
/dome/cccc/big_software/ToolTime/src/exportvector.cpp:130:25: warning: implicitly-declared ‘DRW_Polyline& DRW_Polyline::operator=(const DRW_Polyline&)’ is deprecated [-Wdeprecated-copy]
  130 |             polyline = {};
      |                         ^
In file included from /dome/cccc/big_software/ToolTime/extlib/libdxfrw/libdxfrw.h:17,
                 from /dome/cccc/big_software/ToolTime/src/exportvector.cpp:6:
/dome/cccc/big_software/ToolTime/extlib/libdxfrw/drw_entities.h:819:5: note: because ‘DRW_Polyline’ has user-provided ‘DRW_Polyline::DRW_Polyline(const DRW_Polyline&)’
  819 |     DRW_Polyline(const DRW_Polyline& p) : DRW_Point(p) {
      |     ^~~~~~~~~~~~
/dome/cccc/big_software/ToolTime/extlib/libdxfrw/drw_entities.h: In member function ‘DRW_Point& DRW_Point::operator=(const DRW_Point&)’:
/dome/cccc/big_software/ToolTime/extlib/libdxfrw/drw_entities.h:247:7: warning: implicitly-declared ‘DRW_Entity& DRW_Entity::operator=(const DRW_Entity&)’ is deprecated [-Wdeprecated-copy]
  247 | class DRW_Point : public DRW_Entity {
      |       ^~~~~~~~~
/dome/cccc/big_software/ToolTime/extlib/libdxfrw/drw_entities.h:125:5: note: because ‘DRW_Entity’ has user-provided ‘DRW_Entity::DRW_Entity(const DRW_Entity&)’
  125 |     DRW_Entity(const DRW_Entity& e) {
      |     ^~~~~~~~~~
/dome/cccc/big_software/ToolTime/extlib/libdxfrw/drw_entities.h: In member function ‘DRW_Polyline& DRW_Polyline::operator=(const DRW_Polyline&)’:
/dome/cccc/big_software/ToolTime/extlib/libdxfrw/drw_entities.h:808:7: note: synthesized method ‘DRW_Point& DRW_Point::operator=(const DRW_Point&)’ first required here
  808 | class DRW_Polyline : public DRW_Point {
      |       ^~~~~~~~~~~~
/dome/cccc/big_software/ToolTime/src/exportvector.cpp: In lambda function:
/dome/cccc/big_software/ToolTime/src/exportvector.cpp:130:25: note: synthesized method ‘DRW_Polyline& DRW_Polyline::operator=(const DRW_Polyline&)’ first required here
  130 |             polyline = {};
      |                         ^
[ 58%] Building CXX object src/CMakeFiles/solvespace-core.dir/generate.cpp.obj
[ 58%] Building CXX object src/CMakeFiles/solvespace-core.dir/graphicswin.cpp.obj
[ 58%] Building CXX object src/CMakeFiles/solvespace-core.dir/graphicswin.cpp.obj
[ 59%] Building CXX object src/CMakeFiles/solvespace-core.dir/group.cpp.obj
/dome/cccc/big_software/ToolTime/src/exportvector.cpp: In lambda function:
/dome/cccc/big_software/ToolTime/src/exportvector.cpp:130:25: warning: implicitly-declared ‘DRW_Polyline& DRW_Polyline::operator=(const DRW_Polyline&)’ is deprecated [-Wdeprecated-copy]
  130 |             polyline = {};
      |                         ^
In file included from /dome/cccc/big_software/ToolTime/extlib/libdxfrw/libdxfrw.h:17,
                 from /dome/cccc/big_software/ToolTime/src/exportvector.cpp:6:
/dome/cccc/big_software/ToolTime/extlib/libdxfrw/drw_entities.h:819:5: note: because ‘DRW_Polyline’ has user-provided ‘DRW_Polyline::DRW_Polyline(const DRW_Polyline&)’
  819 |     DRW_Polyline(const DRW_Polyline& p) : DRW_Point(p) {
      |     ^~~~~~~~~~~~
/dome/cccc/big_software/ToolTime/extlib/libdxfrw/drw_entities.h: In member function ‘DRW_Point& DRW_Point::operator=(const DRW_Point&)’:
/dome/cccc/big_software/ToolTime/extlib/libdxfrw/drw_entities.h:247:7: warning: implicitly-declared ‘DRW_Entity& DRW_Entity::operator=(const DRW_Entity&)’ is deprecated [-Wdeprecated-copy]
  247 | class DRW_Point : public DRW_Entity {
      |       ^~~~~~~~~
/dome/cccc/big_software/ToolTime/extlib/libdxfrw/drw_entities.h:125:5: note: because ‘DRW_Entity’ has user-provided ‘DRW_Entity::DRW_Entity(const DRW_Entity&)’
  125 |     DRW_Entity(const DRW_Entity& e) {
      |     ^~~~~~~~~~
/dome/cccc/big_software/ToolTime/extlib/libdxfrw/drw_entities.h: In member function ‘DRW_Polyline& DRW_Polyline::operator=(const DRW_Polyline&)’:
/dome/cccc/big_software/ToolTime/extlib/libdxfrw/drw_entities.h:808:7: note: synthesized method ‘DRW_Point& DRW_Point::operator=(const DRW_Point&)’ first required here
  808 | class DRW_Polyline : public DRW_Point {
      |       ^~~~~~~~~~~~
/dome/cccc/big_software/ToolTime/src/exportvector.cpp: In lambda function:
/dome/cccc/big_software/ToolTime/src/exportvector.cpp:130:25: note: synthesized method ‘DRW_Polyline& DRW_Polyline::operator=(const DRW_Polyline&)’ first required here
  130 |             polyline = {};
      |                         ^
[ 59%] Building CXX object src/CMakeFiles/solvespace-core.dir/groupmesh.cpp.obj
[ 59%] Building CXX object src/CMakeFiles/solvespace-core.dir/group.cpp.obj
[ 59%] Linking CXX shared library ../bin/libslvs.dll
/dome/cccc/big_software/ToolTime/src/groupmesh.cpp:120: warning: ignoring ‘#pragma omp parallel’ [-Wunknown-pragmas]
  120 | #pragma omp parallel for
      | 
[ 59%] Building CXX object src/CMakeFiles/solvespace-core.dir/groupmesh.cpp.obj
[ 59%] Built target slvs
[ 59%] Building CXX object src/CMakeFiles/solvespace-core.dir/importdxf.cpp.obj
[ 59%] Building CXX object src/CMakeFiles/solvespace-core.dir/importdxf.cpp.obj
[ 59%] Building CXX object src/CMakeFiles/solvespace-core.dir/importidf.cpp.obj
/dome/cccc/big_software/ToolTime/src/groupmesh.cpp:120: warning: ignoring ‘#pragma omp parallel’ [-Wunknown-pragmas]
  120 | #pragma omp parallel for
      | 
[ 59%] Building CXX object src/CMakeFiles/solvespace-core.dir/importidf.cpp.obj
In file included from /dome/cccc/big_software/ToolTime/extlib/libdxfrw/libdxfrw.h:17,
                 from /dome/cccc/big_software/ToolTime/src/importdxf.cpp:2:
/dome/cccc/big_software/ToolTime/extlib/libdxfrw/drw_entities.h: In member function ‘DRW_Point& DRW_Point::operator=(const DRW_Point&)’:
/dome/cccc/big_software/ToolTime/extlib/libdxfrw/drw_entities.h:247:7: warning: implicitly-declared ‘DRW_Entity& DRW_Entity::operator=(const DRW_Entity&)’ is deprecated [-Wdeprecated-copy]
  247 | class DRW_Point : public DRW_Entity {
      |       ^~~~~~~~~
/dome/cccc/big_software/ToolTime/extlib/libdxfrw/drw_entities.h:125:5: note: because ‘DRW_Entity’ has user-provided ‘DRW_Entity::DRW_Entity(const DRW_Entity&)’
  125 |     DRW_Entity(const DRW_Entity& e) {
      |     ^~~~~~~~~~
/dome/cccc/big_software/ToolTime/extlib/libdxfrw/drw_entities.h: In member function ‘DRW_Block& DRW_Block::operator=(const DRW_Block&)’:
/dome/cccc/big_software/ToolTime/extlib/libdxfrw/drw_entities.h:529:7: note: synthesized method ‘DRW_Point& DRW_Point::operator=(const DRW_Point&)’ first required here
  529 | class DRW_Block : public DRW_Point {
      |       ^~~~~~~~~
/dome/cccc/big_software/ToolTime/src/importdxf.cpp: In member function ‘virtual void SolveSpace::DxfImport::addBlock(const DRW_Block&)’:
/dome/cccc/big_software/ToolTime/src/importdxf.cpp:579:27: note: synthesized method ‘DRW_Block& DRW_Block::operator=(const DRW_Block&)’ first required here
  579 |         readBlock->data = data;
      |                           ^~~~
[ 59%] Building CXX object src/CMakeFiles/solvespace-core.dir/importmesh.cpp.obj
[ 60%] Building CXX object src/CMakeFiles/solvespace-core.dir/importmesh.cpp.obj
In file included from /dome/cccc/big_software/ToolTime/extlib/libdxfrw/libdxfrw.h:17,
                 from /dome/cccc/big_software/ToolTime/src/importdxf.cpp:2:
/dome/cccc/big_software/ToolTime/extlib/libdxfrw/drw_entities.h: In member function ‘DRW_Point& DRW_Point::operator=(const DRW_Point&)’:
/dome/cccc/big_software/ToolTime/extlib/libdxfrw/drw_entities.h:247:7: warning: implicitly-declared ‘DRW_Entity& DRW_Entity::operator=(const DRW_Entity&)’ is deprecated [-Wdeprecated-copy]
  247 | class DRW_Point : public DRW_Entity {
      |       ^~~~~~~~~
/dome/cccc/big_software/ToolTime/extlib/libdxfrw/drw_entities.h:125:5: note: because ‘DRW_Entity’ has user-provided ‘DRW_Entity::DRW_Entity(const DRW_Entity&)’
  125 |     DRW_Entity(const DRW_Entity& e) {
      |     ^~~~~~~~~~
/dome/cccc/big_software/ToolTime/extlib/libdxfrw/drw_entities.h: In member function ‘DRW_Block& DRW_Block::operator=(const DRW_Block&)’:
/dome/cccc/big_software/ToolTime/extlib/libdxfrw/drw_entities.h:529:7: note: synthesized method ‘DRW_Point& DRW_Point::operator=(const DRW_Point&)’ first required here
  529 | class DRW_Block : public DRW_Point {
      |       ^~~~~~~~~
/dome/cccc/big_software/ToolTime/src/importdxf.cpp: In member function ‘virtual void SolveSpace::DxfImport::addBlock(const DRW_Block&)’:
/dome/cccc/big_software/ToolTime/src/importdxf.cpp:579:27: note: synthesized method ‘DRW_Block& DRW_Block::operator=(const DRW_Block&)’ first required here
  579 |         readBlock->data = data;
      |                           ^~~~
[ 60%] Building CXX object src/CMakeFiles/solvespace-core.dir/mesh.cpp.obj
[ 60%] Building CXX object src/CMakeFiles/solvespace-core.dir/modify.cpp.obj
[ 60%] Building CXX object src/CMakeFiles/solvespace-core.dir/mesh.cpp.obj
[ 61%] Building CXX object src/CMakeFiles/solvespace-core.dir/modify.cpp.obj
[ 61%] Building CXX object src/CMakeFiles/solvespace-core.dir/mouse.cpp.obj
[ 61%] Building CXX object src/CMakeFiles/solvespace-core.dir/mouse.cpp.obj
[ 61%] Building CXX object src/CMakeFiles/solvespace-core.dir/resource.cpp.obj
[ 61%] Building CXX object src/CMakeFiles/solvespace-core.dir/style.cpp.obj
[ 61%] Building CXX object src/CMakeFiles/solvespace-core.dir/system.cpp.obj
[ 61%] Building CXX object src/CMakeFiles/solvespace-core.dir/resource.cpp.obj
[ 62%] Building CXX object src/CMakeFiles/solvespace-core.dir/system.cpp.obj
[ 62%] Building CXX object src/CMakeFiles/solvespace-core.dir/ttf.cpp.obj
[ 62%] Building CXX object src/CMakeFiles/solvespace-core.dir/undoredo.cpp.obj
[ 62%] Building CXX object src/CMakeFiles/solvespace-core.dir/util.cpp.obj
[ 62%] Building CXX object src/CMakeFiles/solvespace-core.dir/textwin.cpp.obj
[ 62%] Building CXX object src/CMakeFiles/solvespace-core.dir/undoredo.cpp.obj
[ 62%] Building CXX object src/CMakeFiles/solvespace-core.dir/platform/platform.cpp.obj
[ 63%] Building CXX object src/CMakeFiles/solvespace-core.dir/render/render.cpp.obj
[ 63%] Building CXX object src/CMakeFiles/solvespace-core.dir/srf/boolean.cpp.obj
[ 63%] Building CXX object src/CMakeFiles/solvespace-core.dir/view.cpp.obj
/dome/cccc/big_software/ToolTime/src/srf/boolean.cpp:204: warning: ignoring ‘#pragma omp parallel’ [-Wunknown-pragmas]
  204 | #pragma omp parallel for
      | 
/dome/cccc/big_software/ToolTime/src/srf/boolean.cpp:211: warning: ignoring ‘#pragma omp critical’ [-Wunknown-pragmas]
  211 | #pragma omp critical
      | 
/dome/cccc/big_software/ToolTime/src/srf/boolean.cpp:679: warning: ignoring ‘#pragma omp critical’ [-Wunknown-pragmas]
  679 | #pragma omp critical
      | 
/dome/cccc/big_software/ToolTime/src/srf/boolean.cpp:696: warning: ignoring ‘#pragma omp parallel’ [-Wunknown-pragmas]
  696 | #pragma omp parallel for
      | 
/dome/cccc/big_software/ToolTime/src/srf/boolean.cpp:711: warning: ignoring ‘#pragma omp parallel’ [-Wunknown-pragmas]
  711 | #pragma omp parallel for
      | 
/dome/cccc/big_software/ToolTime/src/srf/boolean.cpp:848: warning: ignoring ‘#pragma omp parallel’ [-Wunknown-pragmas]
  848 | #pragma omp parallel for
      | 
[ 63%] Building CXX object src/CMakeFiles/solvespace-core.dir/srf/boolean.cpp.obj
[ 63%] Building CXX object src/CMakeFiles/solvespace-core.dir/srf/ratpoly.cpp.obj
/dome/cccc/big_software/ToolTime/src/srf/boolean.cpp:204: warning: ignoring ‘#pragma omp parallel’ [-Wunknown-pragmas]
  204 | #pragma omp parallel for
      | 
/dome/cccc/big_software/ToolTime/src/srf/boolean.cpp:211: warning: ignoring ‘#pragma omp critical’ [-Wunknown-pragmas]
  211 | #pragma omp critical
      | 
/dome/cccc/big_software/ToolTime/src/srf/boolean.cpp:679: warning: ignoring ‘#pragma omp critical’ [-Wunknown-pragmas]
  679 | #pragma omp critical
      | 
/dome/cccc/big_software/ToolTime/src/srf/boolean.cpp:696: warning: ignoring ‘#pragma omp parallel’ [-Wunknown-pragmas]
  696 | #pragma omp parallel for
      | 
/dome/cccc/big_software/ToolTime/src/srf/boolean.cpp:711: warning: ignoring ‘#pragma omp parallel’ [-Wunknown-pragmas]
  711 | #pragma omp parallel for
      | 
/dome/cccc/big_software/ToolTime/src/srf/boolean.cpp:848: warning: ignoring ‘#pragma omp parallel’ [-Wunknown-pragmas]
  848 | #pragma omp parallel for
      | 
[ 63%] Building CXX object src/CMakeFiles/solvespace-core.dir/srf/raycast.cpp.obj
[ 63%] Building CXX object src/CMakeFiles/solvespace-core.dir/srf/curve.cpp.obj
[ 63%] Building CXX object src/CMakeFiles/solvespace-core.dir/srf/shell.cpp.obj
/dome/cccc/big_software/ToolTime/src/textwin.cpp: In member function ‘void SolveSpace::TextWindow::ClearSuper()’:
/dome/cccc/big_software/ToolTime/src/textwin.cpp:291:11: warning: ‘void* memset(void*, int, size_t)’ clearing an object of type ‘class SolveSpace::TextWindow’ with no trivial copy-assignment; use assignment or value-initialization instead [-Wclass-memaccess]
  291 |     memset(this, 0, sizeof(*this));
      |     ~~~~~~^~~~~~~~~~~~~~~~~~~~~~~~
In file included from /dome/cccc/big_software/ToolTime/src/solvespace.h:177,
                 from /dome/cccc/big_software/ToolTime/src/textwin.cpp:6:
/dome/cccc/big_software/ToolTime/src/ui.h:181:7: note: ‘class SolveSpace::TextWindow’ declared here
  181 | class TextWindow {
      |       ^~~~~~~~~~
/dome/cccc/big_software/ToolTime/src/srf/shell.cpp:589: warning: ignoring ‘#pragma omp parallel’ [-Wunknown-pragmas]
  589 | #pragma omp parallel for
      | 
/dome/cccc/big_software/ToolTime/src/srf/shell.cpp:594: warning: ignoring ‘#pragma omp critical’ [-Wunknown-pragmas]
  594 |         #pragma omp critical
      | 
[ 64%] Building CXX object src/CMakeFiles/solvespace-core.dir/srf/shell.cpp.obj
/dome/cccc/big_software/ToolTime/src/srf/shell.cpp:589: warning: ignoring ‘#pragma omp parallel’ [-Wunknown-pragmas]
  589 | #pragma omp parallel for
      | 
/dome/cccc/big_software/ToolTime/src/srf/shell.cpp:594: warning: ignoring ‘#pragma omp critical’ [-Wunknown-pragmas]
  594 |         #pragma omp critical
      | 
In file included from /usr/lib/gcc/x86_64-w64-mingw32/13-win32/include/c++/bits/stl_pair.h:61,
                 from /usr/lib/gcc/x86_64-w64-mingw32/13-win32/include/c++/tuple:38,
                 from /usr/lib/gcc/x86_64-w64-mingw32/13-win32/include/c++/functional:53,
                 from /dome/cccc/big_software/ToolTime/src/srf/../resource.h:10,
                 from /dome/cccc/big_software/ToolTime/src/srf/../solvespace.h:10,
                 from /dome/cccc/big_software/ToolTime/src/srf/curve.cpp:7:
In function ‘std::_Require<std::__not_<std::__is_tuple_like<_Tp> >, std::is_move_constructible<_Tp>, std::is_move_assignable<_Tp> > std::swap(_Tp&, _Tp&) [with _Tp = SolveSpace::Vector]’,
    inlined from ‘void SolveSpace::SBezier::Reverse()’ at /dome/cccc/big_software/ToolTime/src/srf/curve.cpp:74:13,
    inlined from ‘void SolveSpace::SBezierList::CullIdenticalBeziers(bool)’ at /dome/cccc/big_software/ToolTime/src/srf/curve.cpp:244:20:
/usr/lib/gcc/x86_64-w64-mingw32/13-win32/include/c++/bits/move.h:198:7: warning: ‘bir’ may be used uninitialized [-Wmaybe-uninitialized]
  198 |       __a = _GLIBCXX_MOVE(__b);
      |       ^~~
/dome/cccc/big_software/ToolTime/src/srf/curve.cpp: In member function ‘void SolveSpace::SBezierList::CullIdenticalBeziers(bool)’:
/dome/cccc/big_software/ToolTime/src/srf/curve.cpp:242:32: note: ‘bir’ declared here
  242 |         SBezier *bi = &(l[i]), bir;
      |                                ^~~
In function ‘std::_Require<std::__not_<std::__is_tuple_like<_Tp> >, std::is_move_constructible<_Tp>, std::is_move_assignable<_Tp> > std::swap(_Tp&, _Tp&) [with _Tp = double]’,
    inlined from ‘void SolveSpace::SBezier::Reverse()’ at /dome/cccc/big_software/ToolTime/src/srf/curve.cpp:75:13,
    inlined from ‘void SolveSpace::SBezierList::CullIdenticalBeziers(bool)’ at /dome/cccc/big_software/ToolTime/src/srf/curve.cpp:244:20:
/usr/lib/gcc/x86_64-w64-mingw32/13-win32/include/c++/bits/move.h:198:11: warning: ‘bir’ may be used uninitialized [-Wmaybe-uninitialized]
  198 |       __a = _GLIBCXX_MOVE(__b);
      |           ^
/dome/cccc/big_software/ToolTime/src/srf/curve.cpp: In member function ‘void SolveSpace::SBezierList::CullIdenticalBeziers(bool)’:
/dome/cccc/big_software/ToolTime/src/srf/curve.cpp:242:32: note: ‘bir’ declared here
  242 |         SBezier *bi = &(l[i]), bir;
      |                                ^~~
[ 64%] Linking CXX static library ../bin/libsolvespace-core.a
[ 64%] Built target solvespace-core
make: *** [Makefile:156: all] Error 2
[ 64%] Linking CXX static library ../bin/libsolvespace-core.a
[ 64%] Built target solvespace-core
make: *** [Makefile:156: all] Error 2
